[debug] [2023-12-24T05:44:14.601Z] ----------------------------------------------------------------------
[debug] [2023-12-24T05:44:14.605Z] Command:       C:\Program Files\nodejs\node.exe C:\Users\USER\.npm-global\node_modules\firebase-tools\lib\bin\firebase.js emulators:start
[debug] [2023-12-24T05:44:14.606Z] CLI Version:   13.0.2
[debug] [2023-12-24T05:44:14.607Z] Platform:      win32
[debug] [2023-12-24T05:44:14.607Z] Node Version:  v18.18.2
[debug] [2023-12-24T05:44:14.609Z] Time:          Sat Dec 23 2023 21:44:14 GMT-0800 (GMT-08:00)
[debug] [2023-12-24T05:44:14.609Z] ----------------------------------------------------------------------
[debug] 
[debug] [2023-12-24T05:44:14.615Z] >>> [apiv2][query] GET https://firebase-public.firebaseio.com/cli.json [none]
[debug] [2023-12-24T05:44:14.862Z] > command requires scopes: ["email","openid","https://www.googleapis.com/auth/cloudplatformprojects.readonly","https://www.googleapis.com/auth/firebase","https://www.googleapis.com/auth/cloud-platform"]
[debug] [2023-12-24T05:44:14.863Z] > authorizing via signed-in user (mahdersolomon963@gmail.com)
[info] i  emulators: Starting emulators: functions, hosting {"metadata":{"emulator":{"name":"hub"},"message":"Starting emulators: functions, hosting"}}
[debug] [2023-12-24T05:44:14.895Z] [logging] Logging Emulator only supports listening on one address (127.0.0.1). Not listening on ::1
[debug] [2023-12-24T05:44:14.896Z] [hosting] Hosting Emulator only supports listening on one address (127.0.0.1). Not listening on ::1
[debug] [2023-12-24T05:44:14.897Z] assigned listening specs for emulators {"user":{"hub":[{"address":"127.0.0.1","family":"IPv4","port":4400},{"address":"::1","family":"IPv6","port":4400}],"ui":[{"address":"127.0.0.1","family":"IPv4","port":4000},{"address":"::1","family":"IPv6","port":4000}],"logging":[{"address":"127.0.0.1","family":"IPv4","port":4500}],"hosting":[{"address":"127.0.0.1","family":"IPv4","port":5000}]},"metadata":{"message":"assigned listening specs for emulators"}}
[debug] [2023-12-24T05:44:14.944Z] [hub] writing locator at C:\Users\USER\AppData\Local\Temp\hub-clone-af08c.json
[debug] [2023-12-24T05:44:15.012Z] [functions] Functions Emulator only supports listening on one address (127.0.0.1). Not listening on ::1
[debug] [2023-12-24T05:44:15.013Z] [eventarc] Eventarc Emulator only supports listening on one address (127.0.0.1). Not listening on ::1
[debug] [2023-12-24T05:44:15.013Z] late-assigned ports for functions and eventarc emulators {"user":{"hub":[{"address":"127.0.0.1","family":"IPv4","port":4400},{"address":"::1","family":"IPv6","port":4400}],"ui":[{"address":"127.0.0.1","family":"IPv4","port":4000},{"address":"::1","family":"IPv6","port":4000}],"logging":[{"address":"127.0.0.1","family":"IPv4","port":4500}],"hosting":[{"address":"127.0.0.1","family":"IPv4","port":5000}],"functions":[{"address":"127.0.0.1","family":"IPv4","port":5001}],"eventarc":[{"address":"127.0.0.1","family":"IPv4","port":9299}]},"metadata":{"message":"late-assigned ports for functions and eventarc emulators"}}
[warn] !  functions: The following emulators are not running, calls to these services from the Functions emulator will affect production: auth, firestore, database, pubsub, storage {"metadata":{"emulator":{"name":"functions"},"message":"The following emulators are not running, calls to these services from the Functions emulator will affect production: \u001b[1mauth, firestore, database, pubsub, storage\u001b[22m"}}
[debug] [2023-12-24T05:44:15.037Z] defaultcredentials: writing to file C:\Users\USER\AppData\Roaming\firebase\mahdersolomon963_gmail_com_application_default_credentials.json
[debug] [2023-12-24T05:44:15.059Z] Setting GAC to C:\Users\USER\AppData\Roaming\firebase\mahdersolomon963_gmail_com_application_default_credentials.json {"metadata":{"emulator":{"name":"functions"},"message":"Setting GAC to C:\\Users\\USER\\AppData\\Roaming\\firebase\\mahdersolomon963_gmail_com_application_default_credentials.json"}}
[debug] [2023-12-24T05:44:15.062Z] > refreshing access token with scopes: []
[debug] [2023-12-24T05:44:15.063Z] >>> [apiv2][query] POST https://www.googleapis.com/oauth2/v3/token [none]
[debug] [2023-12-24T05:44:15.064Z] >>> [apiv2][body] POST https://www.googleapis.com/oauth2/v3/token [omitted]
[debug] [2023-12-24T05:44:15.928Z] <<< [apiv2][status] GET https://firebase-public.firebaseio.com/cli.json 200
[debug] [2023-12-24T05:44:15.928Z] <<< [apiv2][body] GET https://firebase-public.firebaseio.com/cli.json {"cloudBuildErrorAfter":1594252800000,"cloudBuildWarnAfter":1590019200000,"defaultNode10After":1594252800000,"minVersion":"3.0.5","node8DeploysDisabledAfter":1613390400000,"node8RuntimeDisabledAfter":1615809600000,"node8WarnAfter":1600128000000}
[debug] [2023-12-24T05:44:16.098Z] <<< [apiv2][status] POST https://www.googleapis.com/oauth2/v3/token 200
[debug] [2023-12-24T05:44:16.098Z] <<< [apiv2][body] POST https://www.googleapis.com/oauth2/v3/token [omitted]
[debug] [2023-12-24T05:44:16.120Z] >>> [apiv2][query] GET https://firebase.googleapis.com/v1beta1/projects/clone-af08c/adminSdkConfig [none]
[debug] [2023-12-24T05:44:17.409Z] <<< [apiv2][status] GET https://firebase.googleapis.com/v1beta1/projects/clone-af08c/adminSdkConfig 200
[debug] [2023-12-24T05:44:17.410Z] <<< [apiv2][body] GET https://firebase.googleapis.com/v1beta1/projects/clone-af08c/adminSdkConfig {"projectId":"clone-af08c","storageBucket":"clone-af08c.appspot.com"}
[debug] [2023-12-24T05:44:17.486Z] >>> [apiv2][query] GET https://firebasehosting.googleapis.com/v1beta1/projects/clone-af08c/sites 
[debug] [2023-12-24T05:44:20.176Z] <<< [apiv2][status] GET https://firebasehosting.googleapis.com/v1beta1/projects/clone-af08c/sites 200
[debug] [2023-12-24T05:44:20.176Z] <<< [apiv2][body] GET https://firebasehosting.googleapis.com/v1beta1/projects/clone-af08c/sites {"sites":[{"name":"projects/clone-af08c/sites/clone-af08c","defaultUrl":"https://clone-af08c.web.app","appId":"1:339840209930:web:44454410c8b85a10c9fbf3","type":"DEFAULT_SITE"}]}
[debug] [2023-12-24T05:44:20.177Z] >>> [apiv2][query] GET https://firebase.googleapis.com/v1beta1/projects/clone-af08c/webApps/1:339840209930:web:44454410c8b85a10c9fbf3/config [none]
[debug] [2023-12-24T05:44:21.708Z] <<< [apiv2][status] GET https://firebase.googleapis.com/v1beta1/projects/clone-af08c/webApps/1:339840209930:web:44454410c8b85a10c9fbf3/config 200
[debug] [2023-12-24T05:44:21.709Z] <<< [apiv2][body] GET https://firebase.googleapis.com/v1beta1/projects/clone-af08c/webApps/1:339840209930:web:44454410c8b85a10c9fbf3/config {"projectId":"clone-af08c","appId":"1:339840209930:web:44454410c8b85a10c9fbf3","storageBucket":"clone-af08c.appspot.com","apiKey":"AIzaSyCFoTNi1Mt5dtTKNnKcc8We8o0o6SCcXn8","authDomain":"clone-af08c.firebaseapp.com","messagingSenderId":"339840209930","measurementId":"G-YWBCLJ5DS7"}
[debug] [2023-12-24T05:44:21.729Z] >>> [apiv2][query] GET https://firebase.googleapis.com/v1beta1/projects/clone-af08c [none]
[debug] [2023-12-24T05:44:22.749Z] <<< [apiv2][status] GET https://firebase.googleapis.com/v1beta1/projects/clone-af08c 200
[debug] [2023-12-24T05:44:22.750Z] <<< [apiv2][body] GET https://firebase.googleapis.com/v1beta1/projects/clone-af08c {"projectId":"clone-af08c","projectNumber":"339840209930","displayName":"Amazon clone","name":"projects/clone-af08c","resources":{"hostingSite":"clone-af08c"},"state":"ACTIVE","etag":"1_72476a95-172f-45cb-a897-25903113c7a9"}
[info] i  hosting[clone-af08c]: Serving hosting files from: dist {"metadata":{"emulator":{"name":"hosting"},"message":"Serving hosting files from: \u001b[1mdist\u001b[22m"}}
[info] +  hosting[clone-af08c]: Local server: http://127.0.0.1:5000 {"metadata":{"emulator":{"name":"hosting"},"message":"Local server: \u001b[4m\u001b[1mhttp://127.0.0.1:5000\u001b[22m\u001b[24m"}}
[debug] [2023-12-24T05:44:22.881Z] Ignoring unsupported arg: auto_download {"metadata":{"emulator":{"name":"ui"},"message":"Ignoring unsupported arg: auto_download"}}
[debug] [2023-12-24T05:44:22.882Z] Ignoring unsupported arg: port {"metadata":{"emulator":{"name":"ui"},"message":"Ignoring unsupported arg: port"}}
[debug] [2023-12-24T05:44:22.882Z] Starting Emulator UI with command {"binary":"node","args":["C:\\Users\\USER\\.cache\\firebase\\emulators\\ui-v1.11.7\\server\\server.js"],"optionalArgs":[],"joinArgs":false} {"metadata":{"emulator":{"name":"ui"},"message":"Starting Emulator UI with command {\"binary\":\"node\",\"args\":[\"C:\\\\Users\\\\USER\\\\.cache\\\\firebase\\\\emulators\\\\ui-v1.11.7\\\\server\\\\server.js\"],\"optionalArgs\":[],\"joinArgs\":false}"}}
[info] i  ui: Emulator UI logging to ui-debug.log {"metadata":{"emulator":{"name":"ui"},"message":"Emulator UI logging to \u001b[1mui-debug.log\u001b[22m"}}
[debug] [2023-12-24T05:44:23.315Z] Web / API server started at 127.0.0.1:4000
 {"metadata":{"emulator":{"name":"ui"},"message":"Web / API server started at 127.0.0.1:4000\n"}}
[debug] [2023-12-24T05:44:23.316Z] Web / API server started at ::1:4000
 {"metadata":{"emulator":{"name":"ui"},"message":"Web / API server started at ::1:4000\n"}}
[info] i  functions: Watching "D:\evangadi\Amazon\amazon\functions" for Cloud Functions... {"metadata":{"emulator":{"name":"functions"},"message":"Watching \"D:\\evangadi\\Amazon\\amazon\\functions\" for Cloud Functions..."}}
[debug] [2023-12-24T05:44:23.499Z] Validating nodejs source
[debug] [2023-12-24T05:44:26.927Z] > [functions] package.json contents: {
  "name": "functions",
  "description": "Cloud Functions for Firebase",
  "scripts": {
    "lint": "eslint .",
    "serve": "firebase emulators:start --only functions",
    "shell": "firebase functions:shell",
    "start": "npm run shell",
    "deploy": "firebase deploy --only functions",
    "logs": "firebase functions:log"
  },
  "engines": {
    "node": "18"
  },
  "main": "index.js",
  "dependencies": {
    "cors": "^2.8.5",
    "express": "^4.18.2",
    "firebase": "^10.7.1",
    "firebase-admin": "^11.8.0",
    "firebase-functions": "^4.5.0",
    "stripe": "^14.9.0"
  },
  "devDependencies": {
    "eslint": "^8.15.0",
    "eslint-config-google": "^0.14.0",
    "firebase-functions-test": "^3.1.0"
  },
  "private": true
}
[debug] [2023-12-24T05:44:26.928Z] Building nodejs source
[debug] [2023-12-24T05:44:26.929Z] Failed to find version of module node: reached end of search path D:\evangadi\Amazon\amazon\functions\node_modules
[info] +  functions: Using node@18 from host. 
[debug] [2023-12-24T05:44:26.937Z] Could not find functions.yaml. Must use http discovery
[debug] [2023-12-24T05:44:27.010Z] Found firebase-functions binary at 'D:\evangadi\Amazon\amazon\functions\node_modules\.bin\firebase-functions'
[info] Serving at port 8848

[debug] [2023-12-24T05:44:33.981Z] Got response from /__/functions.yaml {"endpoints":{"api":{"platform":"gcfv1","availableMemoryMb":null,"timeoutSeconds":null,"minInstances":null,"maxInstances":null,"ingressSettings":null,"serviceAccountEmail":null,"vpc":null,"httpsTrigger":{},"entryPoint":"api"}},"specVersion":"v1alpha1","requiredAPIs":[]}
[info] +  functions: Loaded functions definitions from source: api. {"metadata":{"emulator":{"name":"functions"},"message":"Loaded functions definitions from source: api."}}
[info] +  functions[us-central1-api]: http function initialized (http://127.0.0.1:5001/clone-af08c/us-central1/api). {"metadata":{"emulator":{"name":"functions"},"message":"\u001b[1mhttp\u001b[22m function initialized (http://127.0.0.1:5001/clone-af08c/us-central1/api)."}}
[info] 
┌─────────────────────────────────────────────────────────────┐
│ ✔  All emulators ready! It is now safe to connect your app. │
│ i  View Emulator UI at http://127.0.0.1:4000/               │
└─────────────────────────────────────────────────────────────┘

┌───────────┬────────────────┬─────────────────────────────────┐
│ Emulator  │ Host:Port      │ View in Emulator UI             │
├───────────┼────────────────┼─────────────────────────────────┤
│ Functions │ 127.0.0.1:5001 │ http://127.0.0.1:4000/functions │
├───────────┼────────────────┼─────────────────────────────────┤
│ Hosting   │ 127.0.0.1:5000 │ n/a                             │
└───────────┴────────────────┴─────────────────────────────────┘
  Emulator Hub running at 127.0.0.1:4400
  Other reserved ports: 4500

Issues? Report them at https://github.com/firebase/firebase-tools/issues and attach the *-debug.log files.
 
[debug] [2023-12-24T05:48:05.158Z] [work-queue] {"queuedWork":["/clone-af08c/us-central1/api/payments/create-2023-12-24T05:48:05.157Z"],"queueLength":1,"runningWork":[],"workRunningCount":0}
[debug] [2023-12-24T05:48:05.159Z] [work-queue] {"queuedWork":[],"queueLength":0,"runningWork":["/clone-af08c/us-central1/api/payments/create-2023-12-24T05:48:05.157Z"],"workRunningCount":1}
[debug] [2023-12-24T05:48:05.161Z] Accepted request POST /clone-af08c/us-central1/api/payments/create?total=9397 --> us-central1-api
[debug] [2023-12-24T05:48:05.175Z] [functions] Runtime ready! Sending request! {"metadata":{"emulator":{"name":"functions"},"message":"[functions] Runtime ready! Sending request!"}}
[debug] [2023-12-24T05:48:05.178Z] [functions] Got req.url=/clone-af08c/us-central1/api/payments/create?total=9397, mapping to path=/payments/create?total=9397 {"metadata":{"emulator":{"name":"functions"},"message":"[functions] Got req.url=/clone-af08c/us-central1/api/payments/create?total=9397, mapping to path=/payments/create?total=9397"}}
[debug] [2023-12-24T05:48:05.211Z] [worker-pool] addWorker(us-central1-api) {"metadata":{"emulator":{"name":"functions"},"message":"[worker-pool] addWorker(us-central1-api)"}}
[debug] [2023-12-24T05:48:05.215Z] [worker-pool] Adding worker with key us-central1-api, total=1 {"metadata":{"emulator":{"name":"functions"},"message":"[worker-pool] Adding worker with key us-central1-api, total=1"}}
[debug] [2023-12-24T05:48:05.233Z] [work-queue] {"queuedWork":["/clone-af08c/us-central1/api/payments/create-2023-12-24T05:48:05.232Z"],"queueLength":1,"runningWork":["/clone-af08c/us-central1/api/payments/create-2023-12-24T05:48:05.157Z"],"workRunningCount":1}
[debug] [2023-12-24T05:48:05.233Z] [work-queue] {"queuedWork":[],"queueLength":0,"runningWork":["/clone-af08c/us-central1/api/payments/create-2023-12-24T05:48:05.157Z","/clone-af08c/us-central1/api/payments/create-2023-12-24T05:48:05.232Z"],"workRunningCount":2}
[debug] [2023-12-24T05:48:05.234Z] Accepted request POST /clone-af08c/us-central1/api/payments/create?total=9397 --> us-central1-api
[debug] [2023-12-24T05:48:05.245Z] [functions] Runtime ready! Sending request! {"metadata":{"emulator":{"name":"functions"},"message":"[functions] Runtime ready! Sending request!"}}
[debug] [2023-12-24T05:48:05.246Z] [functions] Got req.url=/clone-af08c/us-central1/api/payments/create?total=9397, mapping to path=/payments/create?total=9397 {"metadata":{"emulator":{"name":"functions"},"message":"[functions] Got req.url=/clone-af08c/us-central1/api/payments/create?total=9397, mapping to path=/payments/create?total=9397"}}
[debug] [2023-12-24T05:48:05.265Z] [worker-pool] addWorker(us-central1-api) {"metadata":{"emulator":{"name":"functions"},"message":"[worker-pool] addWorker(us-central1-api)"}}
[debug] [2023-12-24T05:48:05.266Z] [worker-pool] Adding worker with key us-central1-api, total=2 {"metadata":{"emulator":{"name":"functions"},"message":"[worker-pool] Adding worker with key us-central1-api, total=2"}}
[debug] [2023-12-24T05:48:10.689Z] [runtime-status] [17832] Resolved module firebase-admin {"declared":true,"installed":true,"version":"11.11.1","resolution":"D:\\evangadi\\Amazon\\amazon\\functions\\node_modules\\firebase-admin\\lib\\index.js"} {"metadata":{"emulator":{"name":"functions"},"function":{"name":"us-central1-api"},"extension":{},"message":"[runtime-status] [17832] Resolved module firebase-admin {\"declared\":true,\"installed\":true,\"version\":\"11.11.1\",\"resolution\":\"D:\\\\evangadi\\\\Amazon\\\\amazon\\\\functions\\\\node_modules\\\\firebase-admin\\\\lib\\\\index.js\"}"}}
[debug] [2023-12-24T05:48:10.695Z] [runtime-status] [11436] Resolved module firebase-admin {"declared":true,"installed":true,"version":"11.11.1","resolution":"D:\\evangadi\\Amazon\\amazon\\functions\\node_modules\\firebase-admin\\lib\\index.js"} {"metadata":{"emulator":{"name":"functions"},"function":{"name":"us-central1-api"},"extension":{},"message":"[runtime-status] [11436] Resolved module firebase-admin {\"declared\":true,\"installed\":true,\"version\":\"11.11.1\",\"resolution\":\"D:\\\\evangadi\\\\Amazon\\\\amazon\\\\functions\\\\node_modules\\\\firebase-admin\\\\lib\\\\index.js\"}"}}
[debug] [2023-12-24T05:48:10.698Z] [runtime-status] [17832] Resolved module firebase-functions {"declared":true,"installed":true,"version":"4.5.0","resolution":"D:\\evangadi\\Amazon\\amazon\\functions\\node_modules\\firebase-functions\\lib\\v1\\index.js"} {"metadata":{"emulator":{"name":"functions"},"function":{"name":"us-central1-api"},"extension":{},"message":"[runtime-status] [17832] Resolved module firebase-functions {\"declared\":true,\"installed\":true,\"version\":\"4.5.0\",\"resolution\":\"D:\\\\evangadi\\\\Amazon\\\\amazon\\\\functions\\\\node_modules\\\\firebase-functions\\\\lib\\\\v1\\\\index.js\"}"}}
[debug] [2023-12-24T05:48:10.702Z] [runtime-status] [11436] Resolved module firebase-functions {"declared":true,"installed":true,"version":"4.5.0","resolution":"D:\\evangadi\\Amazon\\amazon\\functions\\node_modules\\firebase-functions\\lib\\v1\\index.js"} {"metadata":{"emulator":{"name":"functions"},"function":{"name":"us-central1-api"},"extension":{},"message":"[runtime-status] [11436] Resolved module firebase-functions {\"declared\":true,\"installed\":true,\"version\":\"4.5.0\",\"resolution\":\"D:\\\\evangadi\\\\Amazon\\\\amazon\\\\functions\\\\node_modules\\\\firebase-functions\\\\lib\\\\v1\\\\index.js\"}"}}
[debug] [2023-12-24T05:48:10.703Z] [runtime-status] [17832] Outgoing network have been stubbed. [{"name":"http","status":"mocked"},{"name":"http","status":"mocked"},{"name":"https","status":"mocked"},{"name":"https","status":"mocked"},{"name":"net","status":"mocked"}] {"metadata":{"emulator":{"name":"functions"},"function":{"name":"us-central1-api"},"extension":{},"message":"[runtime-status] [17832] Outgoing network have been stubbed. [{\"name\":\"http\",\"status\":\"mocked\"},{\"name\":\"http\",\"status\":\"mocked\"},{\"name\":\"https\",\"status\":\"mocked\"},{\"name\":\"https\",\"status\":\"mocked\"},{\"name\":\"net\",\"status\":\"mocked\"}]"}}
[debug] [2023-12-24T05:48:10.705Z] [runtime-status] [11436] Outgoing network have been stubbed. [{"name":"http","status":"mocked"},{"name":"http","status":"mocked"},{"name":"https","status":"mocked"},{"name":"https","status":"mocked"},{"name":"net","status":"mocked"}] {"metadata":{"emulator":{"name":"functions"},"function":{"name":"us-central1-api"},"extension":{},"message":"[runtime-status] [11436] Outgoing network have been stubbed. [{\"name\":\"http\",\"status\":\"mocked\"},{\"name\":\"http\",\"status\":\"mocked\"},{\"name\":\"https\",\"status\":\"mocked\"},{\"name\":\"https\",\"status\":\"mocked\"},{\"name\":\"net\",\"status\":\"mocked\"}]"}}
[debug] [2023-12-24T05:48:10.709Z] [runtime-status] [17832] Resolved module firebase-functions {"declared":true,"installed":true,"version":"4.5.0","resolution":"D:\\evangadi\\Amazon\\amazon\\functions\\node_modules\\firebase-functions\\lib\\v1\\index.js"} {"metadata":{"emulator":{"name":"functions"},"function":{"name":"us-central1-api"},"extension":{},"message":"[runtime-status] [17832] Resolved module firebase-functions {\"declared\":true,\"installed\":true,\"version\":\"4.5.0\",\"resolution\":\"D:\\\\evangadi\\\\Amazon\\\\amazon\\\\functions\\\\node_modules\\\\firebase-functions\\\\lib\\\\v1\\\\index.js\"}"}}
[debug] [2023-12-24T05:48:10.715Z] [runtime-status] [11436] Resolved module firebase-functions {"declared":true,"installed":true,"version":"4.5.0","resolution":"D:\\evangadi\\Amazon\\amazon\\functions\\node_modules\\firebase-functions\\lib\\v1\\index.js"} {"metadata":{"emulator":{"name":"functions"},"function":{"name":"us-central1-api"},"extension":{},"message":"[runtime-status] [11436] Resolved module firebase-functions {\"declared\":true,\"installed\":true,\"version\":\"4.5.0\",\"resolution\":\"D:\\\\evangadi\\\\Amazon\\\\amazon\\\\functions\\\\node_modules\\\\firebase-functions\\\\lib\\\\v1\\\\index.js\"}"}}
[debug] [2023-12-24T05:48:11.559Z] [runtime-status] [11436] Checked functions.config() {"config":{}} {"metadata":{"emulator":{"name":"functions"},"function":{"name":"us-central1-api"},"extension":{},"message":"[runtime-status] [11436] Checked functions.config() {\"config\":{}}"}}
[debug] [2023-12-24T05:48:11.562Z] [runtime-status] [11436] firebase-functions has been stubbed. {"functionsResolution":{"declared":true,"installed":true,"version":"4.5.0","resolution":"D:\\evangadi\\Amazon\\amazon\\functions\\node_modules\\firebase-functions\\lib\\v1\\index.js"}} {"metadata":{"emulator":{"name":"functions"},"function":{"name":"us-central1-api"},"extension":{},"message":"[runtime-status] [11436] firebase-functions has been stubbed. {\"functionsResolution\":{\"declared\":true,\"installed\":true,\"version\":\"4.5.0\",\"resolution\":\"D:\\\\evangadi\\\\Amazon\\\\amazon\\\\functions\\\\node_modules\\\\firebase-functions\\\\lib\\\\v1\\\\index.js\"}}"}}
[debug] [2023-12-24T05:48:11.564Z] [runtime-status] [11436] Resolved module firebase-functions {"declared":true,"installed":true,"version":"4.5.0","resolution":"D:\\evangadi\\Amazon\\amazon\\functions\\node_modules\\firebase-functions\\lib\\v1\\index.js"} {"metadata":{"emulator":{"name":"functions"},"function":{"name":"us-central1-api"},"extension":{},"message":"[runtime-status] [11436] Resolved module firebase-functions {\"declared\":true,\"installed\":true,\"version\":\"4.5.0\",\"resolution\":\"D:\\\\evangadi\\\\Amazon\\\\amazon\\\\functions\\\\node_modules\\\\firebase-functions\\\\lib\\\\v1\\\\index.js\"}"}}
[debug] [2023-12-24T05:48:11.567Z] [runtime-status] [11436] Resolved module firebase-admin {"declared":true,"installed":true,"version":"11.11.1","resolution":"D:\\evangadi\\Amazon\\amazon\\functions\\node_modules\\firebase-admin\\lib\\index.js"} {"metadata":{"emulator":{"name":"functions"},"function":{"name":"us-central1-api"},"extension":{},"message":"[runtime-status] [11436] Resolved module firebase-admin {\"declared\":true,\"installed\":true,\"version\":\"11.11.1\",\"resolution\":\"D:\\\\evangadi\\\\Amazon\\\\amazon\\\\functions\\\\node_modules\\\\firebase-admin\\\\lib\\\\index.js\"}"}}
[debug] [2023-12-24T05:48:11.571Z] [runtime-status] [17832] Checked functions.config() {"config":{}} {"metadata":{"emulator":{"name":"functions"},"function":{"name":"us-central1-api"},"extension":{},"message":"[runtime-status] [17832] Checked functions.config() {\"config\":{}}"}}
[debug] [2023-12-24T05:48:11.572Z] [runtime-status] [17832] firebase-functions has been stubbed. {"functionsResolution":{"declared":true,"installed":true,"version":"4.5.0","resolution":"D:\\evangadi\\Amazon\\amazon\\functions\\node_modules\\firebase-functions\\lib\\v1\\index.js"}} {"metadata":{"emulator":{"name":"functions"},"function":{"name":"us-central1-api"},"extension":{},"message":"[runtime-status] [17832] firebase-functions has been stubbed. {\"functionsResolution\":{\"declared\":true,\"installed\":true,\"version\":\"4.5.0\",\"resolution\":\"D:\\\\evangadi\\\\Amazon\\\\amazon\\\\functions\\\\node_modules\\\\firebase-functions\\\\lib\\\\v1\\\\index.js\"}}"}}
[debug] [2023-12-24T05:48:11.574Z] [runtime-status] [17832] Resolved module firebase-functions {"declared":true,"installed":true,"version":"4.5.0","resolution":"D:\\evangadi\\Amazon\\amazon\\functions\\node_modules\\firebase-functions\\lib\\v1\\index.js"} {"metadata":{"emulator":{"name":"functions"},"function":{"name":"us-central1-api"},"extension":{},"message":"[runtime-status] [17832] Resolved module firebase-functions {\"declared\":true,\"installed\":true,\"version\":\"4.5.0\",\"resolution\":\"D:\\\\evangadi\\\\Amazon\\\\amazon\\\\functions\\\\node_modules\\\\firebase-functions\\\\lib\\\\v1\\\\index.js\"}"}}
[debug] [2023-12-24T05:48:11.577Z] [runtime-status] [17832] Resolved module firebase-admin {"declared":true,"installed":true,"version":"11.11.1","resolution":"D:\\evangadi\\Amazon\\amazon\\functions\\node_modules\\firebase-admin\\lib\\index.js"} {"metadata":{"emulator":{"name":"functions"},"function":{"name":"us-central1-api"},"extension":{},"message":"[runtime-status] [17832] Resolved module firebase-admin {\"declared\":true,\"installed\":true,\"version\":\"11.11.1\",\"resolution\":\"D:\\\\evangadi\\\\Amazon\\\\amazon\\\\functions\\\\node_modules\\\\firebase-admin\\\\lib\\\\index.js\"}"}}
[debug] [2023-12-24T05:48:11.602Z] [runtime-status] [17832] Resolved module firebase-functions {"declared":true,"installed":true,"version":"4.5.0","resolution":"D:\\evangadi\\Amazon\\amazon\\functions\\node_modules\\firebase-functions\\lib\\v1\\index.js"} {"metadata":{"emulator":{"name":"functions"},"function":{"name":"us-central1-api"},"extension":{},"message":"[runtime-status] [17832] Resolved module firebase-functions {\"declared\":true,\"installed\":true,\"version\":\"4.5.0\",\"resolution\":\"D:\\\\evangadi\\\\Amazon\\\\amazon\\\\functions\\\\node_modules\\\\firebase-functions\\\\lib\\\\v1\\\\index.js\"}"}}
[debug] [2023-12-24T05:48:11.603Z] [runtime-status] [11436] Resolved module firebase-functions {"declared":true,"installed":true,"version":"4.5.0","resolution":"D:\\evangadi\\Amazon\\amazon\\functions\\node_modules\\firebase-functions\\lib\\v1\\index.js"} {"metadata":{"emulator":{"name":"functions"},"function":{"name":"us-central1-api"},"extension":{},"message":"[runtime-status] [11436] Resolved module firebase-functions {\"declared\":true,\"installed\":true,\"version\":\"4.5.0\",\"resolution\":\"D:\\\\evangadi\\\\Amazon\\\\amazon\\\\functions\\\\node_modules\\\\firebase-functions\\\\lib\\\\v1\\\\index.js\"}"}}
[debug] [2023-12-24T05:48:11.604Z] [runtime-status] [17832] firebase-admin has been stubbed. {"adminResolution":{"declared":true,"installed":true,"version":"11.11.1","resolution":"D:\\evangadi\\Amazon\\amazon\\functions\\node_modules\\firebase-admin\\lib\\index.js"}} {"metadata":{"emulator":{"name":"functions"},"function":{"name":"us-central1-api"},"extension":{},"message":"[runtime-status] [17832] firebase-admin has been stubbed. {\"adminResolution\":{\"declared\":true,\"installed\":true,\"version\":\"11.11.1\",\"resolution\":\"D:\\\\evangadi\\\\Amazon\\\\amazon\\\\functions\\\\node_modules\\\\firebase-admin\\\\lib\\\\index.js\"}}"}}
[debug] [2023-12-24T05:48:11.605Z] [runtime-status] [11436] firebase-admin has been stubbed. {"adminResolution":{"declared":true,"installed":true,"version":"11.11.1","resolution":"D:\\evangadi\\Amazon\\amazon\\functions\\node_modules\\firebase-admin\\lib\\index.js"}} {"metadata":{"emulator":{"name":"functions"},"function":{"name":"us-central1-api"},"extension":{},"message":"[runtime-status] [11436] firebase-admin has been stubbed. {\"adminResolution\":{\"declared\":true,\"installed\":true,\"version\":\"11.11.1\",\"resolution\":\"D:\\\\evangadi\\\\Amazon\\\\amazon\\\\functions\\\\node_modules\\\\firebase-admin\\\\lib\\\\index.js\"}}"}}
[debug] [2023-12-24T05:48:12.107Z] [runtime-status] [11436] Functions runtime initialized. {"cwd":"D:\\evangadi\\Amazon\\amazon\\functions","node_version":"18.18.2"} {"metadata":{"emulator":{"name":"functions"},"function":{"name":"us-central1-api"},"extension":{},"message":"[runtime-status] [11436] Functions runtime initialized. {\"cwd\":\"D:\\\\evangadi\\\\Amazon\\\\amazon\\\\functions\",\"node_version\":\"18.18.2\"}"}}
[debug] [2023-12-24T05:48:12.108Z] [runtime-status] [11436] Listening to port: \\?\pipe\fire_emu_4df993705ac1cfc3 {"metadata":{"emulator":{"name":"functions"},"function":{"name":"us-central1-api"},"extension":{},"message":"[runtime-status] [11436] Listening to port: \\\\?\\pipe\\fire_emu_4df993705ac1cfc3"}}
[debug] [2023-12-24T05:48:12.112Z] [runtime-status] [17832] Functions runtime initialized. {"cwd":"D:\\evangadi\\Amazon\\amazon\\functions","node_version":"18.18.2"} {"metadata":{"emulator":{"name":"functions"},"function":{"name":"us-central1-api"},"extension":{},"message":"[runtime-status] [17832] Functions runtime initialized. {\"cwd\":\"D:\\\\evangadi\\\\Amazon\\\\amazon\\\\functions\",\"node_version\":\"18.18.2\"}"}}
[debug] [2023-12-24T05:48:12.113Z] [runtime-status] [17832] Listening to port: \\?\pipe\fire_emu_fccf0b00eebdf7e9 {"metadata":{"emulator":{"name":"functions"},"function":{"name":"us-central1-api"},"extension":{},"message":"[runtime-status] [17832] Listening to port: \\\\?\\pipe\\fire_emu_fccf0b00eebdf7e9"}}
[debug] [2023-12-24T05:48:12.150Z] [worker-us-central1-api-77da586f-caab-4065-a665-bec844b1d9ff]: IDLE {"metadata":{"emulator":{"name":"functions"},"function":{"name":"us-central1-api"},"extension":{},"message":"[worker-us-central1-api-77da586f-caab-4065-a665-bec844b1d9ff]: IDLE"}}
[debug] [2023-12-24T05:48:12.151Z] [worker-pool] submitRequest(triggerId=us-central1-api) {"metadata":{"emulator":{"name":"functions"},"message":"[worker-pool] submitRequest(triggerId=us-central1-api)"}}
[info] i  functions: Beginning execution of "us-central1-api" {"metadata":{"emulator":{"name":"functions"},"function":{"name":"us-central1-api"},"extension":{},"message":"Beginning execution of \"us-central1-api\""}}
[debug] [2023-12-24T05:48:12.157Z] [worker-us-central1-api-77da586f-caab-4065-a665-bec844b1d9ff]: BUSY {"metadata":{"emulator":{"name":"functions"},"function":{"name":"us-central1-api"},"extension":{},"message":"[worker-us-central1-api-77da586f-caab-4065-a665-bec844b1d9ff]: BUSY"}}
[debug] [2023-12-24T05:48:12.161Z] [worker-us-central1-api-1951ab51-0ce7-4aad-a34b-a8f7d67c669e]: IDLE {"metadata":{"emulator":{"name":"functions"},"function":{"name":"us-central1-api"},"extension":{},"message":"[worker-us-central1-api-1951ab51-0ce7-4aad-a34b-a8f7d67c669e]: IDLE"}}
[debug] [2023-12-24T05:48:12.162Z] [worker-pool] submitRequest(triggerId=us-central1-api) {"metadata":{"emulator":{"name":"functions"},"message":"[worker-pool] submitRequest(triggerId=us-central1-api)"}}
[info] i  functions: Beginning execution of "us-central1-api" {"metadata":{"emulator":{"name":"functions"},"function":{"name":"us-central1-api"},"extension":{},"message":"Beginning execution of \"us-central1-api\""}}
[debug] [2023-12-24T05:48:12.166Z] [worker-us-central1-api-1951ab51-0ce7-4aad-a34b-a8f7d67c669e]: BUSY {"metadata":{"emulator":{"name":"functions"},"function":{"name":"us-central1-api"},"extension":{},"message":"[worker-us-central1-api-1951ab51-0ce7-4aad-a34b-a8f7d67c669e]: BUSY"}}
[info] >  Payment Request Recieved BOOM!!! for this amount >>>  9397 {"user":"Payment Request Recieved BOOM!!! for this amount >>>  9397","metadata":{"emulator":{"name":"functions"},"function":{"name":"us-central1-api"},"extension":{},"message":"\u001b[90m> \u001b[39m Payment Request Recieved BOOM!!! for this amount >>>  9397"}}
[info] >  Payment Request Recieved BOOM!!! for this amount >>>  9397 {"user":"Payment Request Recieved BOOM!!! for this amount >>>  9397","metadata":{"emulator":{"name":"functions"},"function":{"name":"us-central1-api"},"extension":{},"message":"\u001b[90m> \u001b[39m Payment Request Recieved BOOM!!! for this amount >>>  9397"}}
[debug] [2023-12-24T05:48:14.006Z] Finishing up request with event=pause {"metadata":{"emulator":{"name":"functions"},"function":{"name":"us-central1-api"},"extension":{},"message":"Finishing up request with event=pause"}}
[info] i  functions: Finished "us-central1-api" in 1841.0217ms {"metadata":{"emulator":{"name":"functions"},"function":{"name":"us-central1-api"},"extension":{},"message":"Finished \"us-central1-api\" in 1841.0217ms"}}
[debug] [2023-12-24T05:48:14.012Z] [worker-us-central1-api-1951ab51-0ce7-4aad-a34b-a8f7d67c669e]: IDLE {"metadata":{"emulator":{"name":"functions"},"function":{"name":"us-central1-api"},"extension":{},"message":"[worker-us-central1-api-1951ab51-0ce7-4aad-a34b-a8f7d67c669e]: IDLE"}}
[debug] [2023-12-24T05:48:14.013Z] Finishing up request with event=finish {"metadata":{"emulator":{"name":"functions"},"function":{"name":"us-central1-api"},"extension":{},"message":"Finishing up request with event=finish"}}
[debug] [2023-12-24T05:48:14.014Z] Finishing up request with event=close {"metadata":{"emulator":{"name":"functions"},"function":{"name":"us-central1-api"},"extension":{},"message":"Finishing up request with event=close"}}
[debug] [2023-12-24T05:48:14.015Z] [work-queue] {"queuedWork":[],"queueLength":0,"runningWork":["/clone-af08c/us-central1/api/payments/create-2023-12-24T05:48:05.157Z"],"workRunningCount":1}
[debug] [2023-12-24T05:48:14.039Z] Finishing up request with event=pause {"metadata":{"emulator":{"name":"functions"},"function":{"name":"us-central1-api"},"extension":{},"message":"Finishing up request with event=pause"}}
[info] i  functions: Finished "us-central1-api" in 1882.7867ms {"metadata":{"emulator":{"name":"functions"},"function":{"name":"us-central1-api"},"extension":{},"message":"Finished \"us-central1-api\" in 1882.7867ms"}}
[debug] [2023-12-24T05:48:14.046Z] [worker-us-central1-api-77da586f-caab-4065-a665-bec844b1d9ff]: IDLE {"metadata":{"emulator":{"name":"functions"},"function":{"name":"us-central1-api"},"extension":{},"message":"[worker-us-central1-api-77da586f-caab-4065-a665-bec844b1d9ff]: IDLE"}}
[debug] [2023-12-24T05:48:14.047Z] Finishing up request with event=finish {"metadata":{"emulator":{"name":"functions"},"function":{"name":"us-central1-api"},"extension":{},"message":"Finishing up request with event=finish"}}
[debug] [2023-12-24T05:48:14.048Z] Finishing up request with event=close {"metadata":{"emulator":{"name":"functions"},"function":{"name":"us-central1-api"},"extension":{},"message":"Finishing up request with event=close"}}
[debug] [2023-12-24T05:48:14.049Z] [work-queue] {"queuedWork":[],"queueLength":0,"runningWork":[],"workRunningCount":0}
[debug] [2023-12-24T06:36:39.805Z] [worker-us-central1-api-1951ab51-0ce7-4aad-a34b-a8f7d67c669e]: exited {"metadata":{"emulator":{"name":"functions"},"function":{"name":"us-central1-api"},"extension":{},"message":"[worker-us-central1-api-1951ab51-0ce7-4aad-a34b-a8f7d67c669e]: exited"}}
[debug] [2023-12-24T06:36:39.809Z] [worker-us-central1-api-1951ab51-0ce7-4aad-a34b-a8f7d67c669e]: FINISHED {"metadata":{"emulator":{"name":"functions"},"function":{"name":"us-central1-api"},"extension":{},"message":"[worker-us-central1-api-1951ab51-0ce7-4aad-a34b-a8f7d67c669e]: FINISHED"}}
[debug] [2023-12-24T06:36:39.827Z] [worker-us-central1-api-77da586f-caab-4065-a665-bec844b1d9ff]: exited {"metadata":{"emulator":{"name":"functions"},"function":{"name":"us-central1-api"},"extension":{},"message":"[worker-us-central1-api-77da586f-caab-4065-a665-bec844b1d9ff]: exited"}}
[debug] [2023-12-24T06:36:39.828Z] [worker-us-central1-api-77da586f-caab-4065-a665-bec844b1d9ff]: FINISHED {"metadata":{"emulator":{"name":"functions"},"function":{"name":"us-central1-api"},"extension":{},"message":"[worker-us-central1-api-77da586f-caab-4065-a665-bec844b1d9ff]: FINISHED"}}
[debug] [2023-12-24T06:36:39.835Z] Received signal SIGHUP 1
